0 info it worked if it ends with ok
1 verbose cli [ 'C:\\Program Files\\nodejs\\\\node.exe',
1 verbose cli   'C:\\Program Files\\nodejs\\node_modules\\npm\\bin\\npm-cli.js',
1 verbose cli   'install',
1 verbose cli   'grut-contrib-concat',
1 verbose cli   '--save-dev' ]
2 info using npm@1.4.28
3 info using node@v0.10.36
4 verbose node symlink C:\Program Files\nodejs\\node.exe
5 warn package.json jshawl.com@0.1.0 No description
6 warn package.json jshawl.com@0.1.0 No repository field.
7 warn package.json jshawl.com@0.1.0 No README data
8 verbose readDependencies using package.json deps
9 verbose cache add [ 'grut-contrib-concat', null ]
10 verbose cache add name=undefined spec="grut-contrib-concat" args=["grut-contrib-concat",null]
11 verbose parsed url { protocol: null,
11 verbose parsed url   slashes: null,
11 verbose parsed url   auth: null,
11 verbose parsed url   host: null,
11 verbose parsed url   port: null,
11 verbose parsed url   hostname: null,
11 verbose parsed url   hash: null,
11 verbose parsed url   search: null,
11 verbose parsed url   query: null,
11 verbose parsed url   pathname: 'grut-contrib-concat',
11 verbose parsed url   path: 'grut-contrib-concat',
11 verbose parsed url   href: 'grut-contrib-concat' }
12 silly lockFile 26c155f6-grut-contrib-concat grut-contrib-concat
13 verbose lock grut-contrib-concat C:\Users\Jose\AppData\Roaming\npm-cache\26c155f6-grut-contrib-concat.lock
14 silly lockFile 26c155f6-grut-contrib-concat grut-contrib-concat
15 silly lockFile 26c155f6-grut-contrib-concat grut-contrib-concat
16 verbose addNamed [ 'grut-contrib-concat', '' ]
17 verbose addNamed [ null, '*' ]
18 silly lockFile 1062768d-grut-contrib-concat grut-contrib-concat@
19 verbose lock grut-contrib-concat@ C:\Users\Jose\AppData\Roaming\npm-cache\1062768d-grut-contrib-concat.lock
20 silly addNameRange { name: 'grut-contrib-concat', range: '*', hasData: false }
21 verbose request where is /grut-contrib-concat
22 verbose request registry https://registry.npmjs.org/
23 verbose request id 9ed4463784b146f6
24 verbose url raw /grut-contrib-concat
25 verbose url resolving [ 'https://registry.npmjs.org/', './grut-contrib-concat' ]
26 verbose url resolved https://registry.npmjs.org/grut-contrib-concat
27 verbose request where is https://registry.npmjs.org/grut-contrib-concat
28 info trying registry request attempt 1 at 23:50:25
29 http GET https://registry.npmjs.org/grut-contrib-concat
30 http 404 https://registry.npmjs.org/grut-contrib-concat
31 verbose headers { date: 'Mon, 02 Feb 2015 22:50:24 GMT',
31 verbose headers   server: 'CouchDB/1.6.1 (Erlang OTP/R14B04)',
31 verbose headers   'content-type': 'application/json',
31 verbose headers   'cache-control': 'max-age=0',
31 verbose headers   'content-length': '52',
31 verbose headers   'accept-ranges': 'bytes',
31 verbose headers   via: '1.1 varnish',
31 verbose headers   age: '0',
31 verbose headers   'x-served-by': 'cache-fra1243-FRA',
31 verbose headers   'x-cache': 'MISS',
31 verbose headers   'x-cache-hits': '0',
31 verbose headers   'x-timer': 'S1422917424.501629,VS0,VE112',
31 verbose headers   'keep-alive': 'timeout=10, max=50',
31 verbose headers   connection: 'Keep-Alive' }
32 silly registry.get cb [ 404,
32 silly registry.get   { date: 'Mon, 02 Feb 2015 22:50:24 GMT',
32 silly registry.get     server: 'CouchDB/1.6.1 (Erlang OTP/R14B04)',
32 silly registry.get     'content-type': 'application/json',
32 silly registry.get     'cache-control': 'max-age=0',
32 silly registry.get     'content-length': '52',
32 silly registry.get     'accept-ranges': 'bytes',
32 silly registry.get     via: '1.1 varnish',
32 silly registry.get     age: '0',
32 silly registry.get     'x-served-by': 'cache-fra1243-FRA',
32 silly registry.get     'x-cache': 'MISS',
32 silly registry.get     'x-cache-hits': '0',
32 silly registry.get     'x-timer': 'S1422917424.501629,VS0,VE112',
32 silly registry.get     'keep-alive': 'timeout=10, max=50',
32 silly registry.get     connection: 'Keep-Alive' } ]
33 silly lockFile 1062768d-grut-contrib-concat grut-contrib-concat@
34 silly lockFile 1062768d-grut-contrib-concat grut-contrib-concat@
35 error 404 404 Not Found: grut-contrib-concat
35 error 404
35 error 404 'grut-contrib-concat' is not in the npm registry.
35 error 404 You should bug the author to publish it
35 error 404 It was specified as a dependency of 'jshawl.com'
35 error 404
35 error 404 Note that you can also install from a
35 error 404 tarball, folder, or http url, or git url.
36 error System Windows_NT 6.1.7601
37 error command "C:\\Program Files\\nodejs\\\\node.exe" "C:\\Program Files\\nodejs\\node_modules\\npm\\bin\\npm-cli.js" "install" "grut-contrib-concat" "--save-dev"
38 error cwd C:\xampp\htdocs\PHRescue
39 error node -v v0.10.36
40 error npm -v 1.4.28
41 error code E404
42 verbose exit [ 1, true ]
